<?xml version="1.0" encoding="utf-8"?><testsuites name="pytest tests"><testsuite name="pytest" errors="0" failures="0" skipped="0" tests="17" time="2.591" timestamp="2026-08-09T10:03:49.915150+00:00" hostname="agent-env-7d7581c4-0147-467b-9383-87a6a10e65b2"><testcase classname="tests.backend_test" name="test_track_visit" time="0.213" /><testcase classname="tests.backend_test" name="test_track_click" time="0.046" /><testcase classname="tests.backend_test" name="test_create_enquiry" time="0.050" /><testcase classname="tests.backend_test" name="test_login_success" time="0.264" /><testcase classname="tests.backend_test" name="test_login_wrong_password" time="0.270" /><testcase classname="tests.backend_test" name="test_analytics_no_token" time="0.043" /><testcase classname="tests.backend_test" name="test_enquiries_no_token" time="0.042" /><testcase classname="tests.backend_test" name="test_analytics_with_token" time="0.315" /><testcase classname="tests.backend_test" name="test_admin_enquiries_list" time="0.044" /><testcase classname="tests.backend_test" name="test_me_endpoint" time="0.041" /><testcase classname="tests.backend_test" name="test_submit_review_ok" time="0.046" /><testcase classname="tests.backend_test" name="test_submit_review_too_short" time="0.043" /><testcase classname="tests.backend_test" name="test_public_reviews_only_approved_and_scrubbed" time="0.126" /><testcase classname="tests.backend_test" name="test_admin_reviews_requires_auth" time="0.045" /><testcase classname="tests.backend_test" name="test_admin_review_approve_flow" time="0.263" /><testcase classname="tests.backend_test" name="test_admin_review_invalid_status" time="0.175" /><testcase classname="tests.backend_test" name="test_admin_review_delete_no_token" time="0.046" /></testsuite></testsuites>